{"/home/taylorpzreal/Workspace/curriculum-vitae-server/config/db.js":{"path":"/home/taylorpzreal/Workspace/curriculum-vitae-server/config/db.js","s":{"1":1},"b":{},"f":{},"fnMap":{},"statementMap":{"1":{"start":{"line":2,"column":0},"end":{"line":11,"column":2}}},"branchMap":{}},"/home/taylorpzreal/Workspace/curriculum-vitae-server/routes/movie/sql.js":{"path":"/home/taylorpzreal/Workspace/curriculum-vitae-server/routes/movie/sql.js","s":{"1":1,"2":1},"b":{},"f":{},"fnMap":{},"statementMap":{"1":{"start":{"line":1,"column":0},"end":{"line":4,"column":2}},"2":{"start":{"line":6,"column":0},"end":{"line":6,"column":21}}},"branchMap":{}}}